{"/Users/macbook/Documents/iti-course/unitTest/app/session_one/checkEquality/index.js": {"path":"/Users/macbook/Documents/iti-course/unitTest/app/session_one/checkEquality/index.js","statementMap":{"0":{"start":{"line":1,"column":29},"end":{"line":1,"column":63}},"1":{"start":{"line":1,"column":39},"end":{"line":1,"column":63}},"2":{"start":{"line":4,"column":27},"end":{"line":4,"column":55}},"3":{"start":{"line":4,"column":39},"end":{"line":4,"column":55}}},"fnMap":{"0":{"name":"(anonymous_0)","decl":{"start":{"line":1,"column":29},"end":{"line":1,"column":30}},"loc":{"start":{"line":1,"column":39},"end":{"line":1,"column":63}},"line":1},"1":{"name":"(anonymous_1)","decl":{"start":{"line":4,"column":27},"end":{"line":4,"column":28}},"loc":{"start":{"line":4,"column":39},"end":{"line":4,"column":55}},"line":4}},"branchMap":{},"s":{"0":1,"1":2,"2":1,"3":0},"f":{"0":2,"1":0},"b":{},"_coverageSchema":"1a1c01bbd47fc00a2c39e90264f33305004495a9","hash":"793eef838a80b534907c279c7600edbe24ba29b4"}
,"/Users/macbook/Documents/iti-course/unitTest/app/session_one/filterByTerm/index.js": {"path":"/Users/macbook/Documents/iti-course/unitTest/app/session_one/filterByTerm/index.js","statementMap":{"0":{"start":{"line":1,"column":19},"end":{"line":4,"column":1}},"1":{"start":{"line":2,"column":2},"end":{"line":2,"column":20}},"2":{"start":{"line":3,"column":2},"end":{"line":3,"column":19}},"3":{"start":{"line":6,"column":28},"end":{"line":19,"column":1}},"4":{"start":{"line":11,"column":2},"end":{"line":11,"column":25}},"5":{"start":{"line":13,"column":19},"end":{"line":13,"column":31}},"6":{"start":{"line":14,"column":2},"end":{"line":14,"column":44}},"7":{"start":{"line":14,"column":25},"end":{"line":14,"column":42}},"8":{"start":{"line":16,"column":2},"end":{"line":18,"column":5}},"9":{"start":{"line":17,"column":4},"end":{"line":17,"column":49}}},"fnMap":{"0":{"name":"(anonymous_0)","decl":{"start":{"line":1,"column":19},"end":{"line":1,"column":20}},"loc":{"start":{"line":1,"column":29},"end":{"line":4,"column":1}},"line":1},"1":{"name":"(anonymous_1)","decl":{"start":{"line":6,"column":28},"end":{"line":6,"column":29}},"loc":{"start":{"line":6,"column":66},"end":{"line":19,"column":1}},"line":6},"2":{"name":"(anonymous_2)","decl":{"start":{"line":14,"column":15},"end":{"line":14,"column":16}},"loc":{"start":{"line":14,"column":25},"end":{"line":14,"column":42}},"line":14},"3":{"name":"(anonymous_3)","decl":{"start":{"line":16,"column":25},"end":{"line":16,"column":26}},"loc":{"start":{"line":16,"column":43},"end":{"line":18,"column":3}},"line":16}},"branchMap":{},"s":{"0":1,"1":0,"2":0,"3":1,"4":1,"5":1,"6":1,"7":3,"8":1,"9":3},"f":{"0":0,"1":1,"2":3,"3":3},"b":{},"_coverageSchema":"1a1c01bbd47fc00a2c39e90264f33305004495a9","hash":"31b5d9a2185f24bd190ac89f9487cba83fc7be20"}
,"/Users/macbook/Documents/iti-course/unitTest/app/session_one/sumNumbers/index.js": {"path":"/Users/macbook/Documents/iti-course/unitTest/app/session_one/sumNumbers/index.js","statementMap":{"0":{"start":{"line":1,"column":19},"end":{"line":5,"column":1}},"1":{"start":{"line":2,"column":2},"end":{"line":2,"column":67}},"2":{"start":{"line":2,"column":29},"end":{"line":2,"column":67}},"3":{"start":{"line":3,"column":2},"end":{"line":3,"column":67}},"4":{"start":{"line":3,"column":29},"end":{"line":3,"column":67}},"5":{"start":{"line":4,"column":2},"end":{"line":4,"column":15}},"6":{"start":{"line":7,"column":26},"end":{"line":10,"column":1}},"7":{"start":{"line":8,"column":15},"end":{"line":8,"column":22}},"8":{"start":{"line":9,"column":2},"end":{"line":9,"column":39}},"9":{"start":{"line":12,"column":18},"end":{"line":12,"column":44}},"10":{"start":{"line":12,"column":24},"end":{"line":12,"column":44}},"11":{"start":{"line":14,"column":25},"end":{"line":18,"column":1}},"12":{"start":{"line":15,"column":2},"end":{"line":15,"column":22}},"13":{"start":{"line":16,"column":2},"end":{"line":16,"column":47}},"14":{"start":{"line":16,"column":28},"end":{"line":16,"column":45}},"15":{"start":{"line":17,"column":2},"end":{"line":17,"column":27}}},"fnMap":{"0":{"name":"(anonymous_0)","decl":{"start":{"line":1,"column":19},"end":{"line":1,"column":20}},"loc":{"start":{"line":1,"column":29},"end":{"line":5,"column":1}},"line":1},"1":{"name":"(anonymous_1)","decl":{"start":{"line":7,"column":26},"end":{"line":7,"column":27}},"loc":{"start":{"line":7,"column":38},"end":{"line":10,"column":1}},"line":7},"2":{"name":"(anonymous_2)","decl":{"start":{"line":12,"column":18},"end":{"line":12,"column":19}},"loc":{"start":{"line":12,"column":24},"end":{"line":12,"column":44}},"line":12},"3":{"name":"(anonymous_3)","decl":{"start":{"line":14,"column":25},"end":{"line":14,"column":26}},"loc":{"start":{"line":14,"column":65},"end":{"line":18,"column":1}},"line":14},"4":{"name":"(anonymous_4)","decl":{"start":{"line":16,"column":18},"end":{"line":16,"column":19}},"loc":{"start":{"line":16,"column":28},"end":{"line":16,"column":45}},"line":16}},"branchMap":{"0":{"loc":{"start":{"line":2,"column":2},"end":{"line":2,"column":67}},"type":"if","locations":[{"start":{"line":2,"column":2},"end":{"line":2,"column":67}},{"start":{"line":2,"column":2},"end":{"line":2,"column":67}}],"line":2},"1":{"loc":{"start":{"line":3,"column":2},"end":{"line":3,"column":67}},"type":"if","locations":[{"start":{"line":3,"column":2},"end":{"line":3,"column":67}},{"start":{"line":3,"column":2},"end":{"line":3,"column":67}}],"line":3}},"s":{"0":1,"1":2,"2":1,"3":1,"4":0,"5":1,"6":1,"7":0,"8":0,"9":1,"10":0,"11":1,"12":1,"13":1,"14":4,"15":1},"f":{"0":2,"1":0,"2":0,"3":1,"4":4},"b":{"0":[1,1],"1":[0,1]},"_coverageSchema":"1a1c01bbd47fc00a2c39e90264f33305004495a9","hash":"741de50edf506967ecf5d6125c86b01e1827ec11"}
,"/Users/macbook/Documents/iti-course/unitTest/app/session_two/lecture/index.js": {"path":"/Users/macbook/Documents/iti-course/unitTest/app/session_two/lecture/index.js","statementMap":{"0":{"start":{"line":1,"column":22},"end":{"line":6,"column":1}}},"fnMap":{},"branchMap":{},"s":{"0":1},"f":{},"b":{},"_coverageSchema":"1a1c01bbd47fc00a2c39e90264f33305004495a9","hash":"efbccd44d336949a2cfa975976ad138406bb6988"}
}
